SF:lib\cart_storage\cart_page.dart
DA:21,1
DA:34,1
DA:35,1
DA:41,1
DA:43,1
DA:44,1
DA:47,1
DA:48,4
DA:51,0
DA:52,0
DA:53,0
DA:56,1
DA:58,1
DA:59,1
DA:62,1
DA:63,1
DA:64,1
DA:65,2
DA:68,1
DA:69,0
DA:71,1
DA:72,1
DA:73,1
DA:74,1
DA:75,1
DA:85,1
DA:86,1
DA:87,1
DA:89,1
DA:90,0
DA:91,1
DA:92,1
DA:93,2
DA:94,2
DA:95,2
DA:96,2
DA:98,1
DA:100,1
DA:101,1
DA:102,1
DA:103,5
DA:104,1
DA:106,1
DA:107,1
DA:110,1
DA:111,1
DA:112,3
DA:118,0
DA:123,1
DA:124,3
DA:128,2
DA:129,1
DA:132,1
DA:133,3
DA:139,0
DA:144,1
DA:145,3
DA:148,1
DA:151,1
DA:152,1
DA:154,2
DA:158,1
DA:159,1
DA:160,0
DA:161,0
DA:163,1
DA:164,1
DA:165,1
DA:170,1
DA:171,3
DA:173,0
DA:175,1
DA:176,3
LF:73
LH:63
end_of_record
SF:lib\cart_storage\cart_storage_io.dart
DA:8,0
DA:9,0
DA:10,0
DA:13,0
DA:14,0
DA:15,0
DA:16,0
DA:17,0
DA:18,0
DA:19,0
DA:20,0
DA:22,0
DA:25,0
DA:26,0
DA:27,0
DA:28,0
DA:31,0
DA:32,0
DA:33,0
DA:34,0
DA:38,0
DA:41,0
DA:47,0
DA:48,0
DA:49,0
DA:50,0
DA:51,0
DA:52,0
DA:53,0
DA:54,0
DA:55,0
DA:56,0
DA:57,0
DA:58,0
DA:59,0
DA:61,0
DA:63,0
DA:67,0
DA:72,0
DA:73,0
DA:74,0
DA:75,0
DA:76,0
DA:77,0
DA:81,0
DA:87,0
DA:88,0
DA:89,0
DA:90,0
DA:91,0
DA:93,0
DA:94,0
DA:95,0
DA:97,0
LF:54
LH:0
end_of_record
SF:lib\main.dart
DA:11,0
DA:12,0
DA:18,2
DA:20,1
DA:22,1
DA:25,1
DA:26,1
DA:33,1
DA:34,0
DA:35,0
DA:36,0
DA:37,0
DA:38,0
DA:39,0
DA:40,0
DA:41,0
DA:42,0
DA:43,0
DA:47,0
DA:48,0
DA:49,0
DA:51,0
DA:52,0
DA:54,0
LF:24
LH:6
end_of_record
SF:lib\headerandfooter\footer.dart
DA:3,2
DA:4,6
DA:5,2
DA:6,2
DA:13,2
DA:38,0
DA:42,2
DA:52,2
DA:79,2
DA:80,2
DA:82,2
DA:83,2
DA:84,2
DA:85,6
DA:89,4
DA:90,2
DA:91,2
DA:94,2
DA:95,4
DA:96,4
DA:97,4
DA:98,4
LF:22
LH:21
end_of_record
SF:lib\headerandfooter\header.dart
DA:6,0
DA:10,2
DA:11,0
DA:12,0
DA:15,0
DA:16,0
DA:19,0
DA:20,0
DA:22,0
DA:23,0
DA:25,0
DA:26,0
DA:29,0
DA:31,0
DA:33,0
DA:34,0
DA:35,0
DA:36,0
DA:37,0
DA:38,0
DA:39,0
DA:40,0
DA:44,0
DA:46,0
DA:47,0
DA:49,2
DA:50,2
DA:51,2
DA:65,2
DA:67,2
DA:70,2
DA:71,2
DA:73,2
DA:77,2
DA:78,2
DA:79,2
DA:80,0
DA:81,0
DA:83,2
DA:92,2
DA:93,2
DA:95,2
DA:96,2
DA:97,2
DA:98,0
DA:99,0
DA:102,2
DA:106,2
DA:107,2
DA:108,2
DA:120,8
DA:121,0
DA:122,0
DA:124,2
DA:125,2
DA:127,2
DA:129,2
DA:130,2
DA:131,2
DA:132,2
DA:133,0
DA:134,2
DA:135,0
DA:136,10
DA:137,2
DA:140,0
DA:141,0
DA:143,0
DA:144,0
DA:145,0
DA:147,0
LF:71
LH:33
end_of_record
SF:lib\helpers\card_classes.dart
DA:8,2
DA:15,2
DA:17,2
DA:18,2
DA:20,0
DA:21,0
DA:22,0
DA:35,2
DA:43,2
DA:45,2
DA:46,2
DA:49,2
DA:50,0
DA:51,2
DA:53,2
DA:56,2
DA:57,2
DA:62,2
DA:63,2
DA:64,2
DA:65,2
DA:66,2
DA:74,2
DA:75,2
DA:85,2
DA:86,2
DA:98,0
DA:106,0
DA:108,0
DA:109,0
DA:110,0
DA:112,0
DA:114,0
DA:117,0
DA:118,0
DA:122,0
DA:123,0
DA:125,0
DA:126,0
LF:39
LH:22
end_of_record
SF:lib\helpers\item_pages.dart
DA:7,0
DA:9,0
DA:10,0
DA:13,0
DA:14,0
DA:19,0
DA:20,0
DA:21,0
DA:22,0
DA:24,0
DA:25,0
DA:26,0
DA:27,0
DA:28,0
DA:31,0
DA:32,0
DA:34,0
DA:35,0
DA:36,0
DA:37,0
DA:42,0
DA:43,0
DA:44,0
DA:47,0
DA:49,0
DA:50,0
DA:51,0
DA:52,0
DA:53,0
DA:55,0
DA:58,0
DA:59,0
DA:60,0
DA:61,0
DA:62,0
DA:74,0
LF:36
LH:0
end_of_record
SF:lib\productpagetemplates\collections_list.dart
DA:9,0
DA:11,0
DA:12,0
DA:15,0
DA:18,0
DA:19,0
DA:20,0
DA:21,0
DA:27,2
DA:29,4
DA:30,2
DA:32,2
DA:33,8
DA:35,6
DA:36,2
DA:37,4
DA:39,2
DA:42,8
DA:43,4
DA:44,2
DA:45,4
DA:46,2
DA:47,2
DA:51,4
DA:52,2
DA:53,6
DA:54,6
DA:56,2
DA:57,0
DA:59,2
DA:67,0
DA:68,0
DA:69,0
DA:70,0
DA:72,0
DA:73,0
DA:74,0
DA:76,0
DA:79,2
DA:81,2
DA:83,14
DA:84,0
DA:86,0
DA:87,0
DA:88,0
DA:89,0
DA:90,0
DA:91,0
DA:92,0
DA:95,4
DA:96,2
DA:97,2
DA:98,2
DA:99,4
DA:100,4
DA:101,4
DA:103,2
DA:108,2
DA:112,2
DA:114,2
DA:115,4
DA:118,2
DA:119,0
DA:121,2
DA:122,2
DA:129,2
DA:130,2
DA:131,4
DA:132,6
DA:137,2
DA:139,2
DA:140,2
DA:141,2
DA:143,2
DA:149,2
DA:152,8
DA:155,2
DA:156,2
DA:171,2
DA:173,2
DA:174,2
DA:179,0
DA:197,2
DA:199,2
DA:200,2
DA:201,2
DA:202,2
DA:203,2
DA:204,4
DA:205,2
DA:207,2
DA:209,2
DA:210,2
DA:212,4
DA:213,4
DA:215,0
DA:216,0
DA:217,0
DA:218,0
DA:220,0
DA:221,0
DA:227,2
DA:229,8
DA:247,2
DA:248,0
DA:250,0
DA:251,0
DA:253,0
DA:254,0
DA:264,2
DA:265,0
DA:267,0
DA:268,0
DA:269,0
DA:270,0
DA:272,0
DA:280,2
DA:281,0
DA:283,0
DA:284,0
DA:285,0
DA:286,0
DA:288,0
DA:296,2
DA:297,2
DA:299,2
DA:300,2
DA:302,4
DA:303,2
DA:305,4
DA:313,2
DA:314,0
DA:316,0
DA:317,0
DA:318,0
DA:319,0
DA:321,0
DA:329,2
DA:330,0
DA:332,0
DA:333,0
DA:334,0
DA:335,0
DA:337,0
DA:345,2
DA:346,0
DA:348,0
DA:349,0
DA:350,0
DA:351,0
DA:353,0
DA:361,2
DA:362,0
DA:364,0
DA:365,0
DA:366,0
DA:367,0
DA:369,0
LF:158
LH:84
end_of_record
SF:lib\productpagetemplates\product_page.dart
DA:9,0
DA:12,0
DA:13,0
DA:17,0
DA:21,0
DA:22,0
DA:25,0
DA:29,0
DA:30,0
DA:31,0
DA:32,0
DA:33,0
DA:34,0
DA:36,0
DA:42,0
DA:43,0
DA:44,0
DA:45,0
DA:50,0
DA:51,0
DA:52,0
DA:56,0
DA:57,0
DA:58,0
DA:62,0
DA:64,0
DA:68,0
DA:69,0
DA:80,0
DA:82,0
DA:84,0
DA:87,0
DA:88,0
DA:89,0
DA:90,0
DA:92,0
DA:94,0
DA:95,0
DA:96,0
DA:97,0
DA:99,0
DA:103,0
DA:108,0
DA:110,0
DA:113,0
DA:115,0
DA:116,0
DA:117,0
DA:118,0
DA:121,0
DA:123,0
DA:124,0
DA:125,0
DA:126,0
DA:127,0
DA:128,0
DA:130,0
DA:133,0
DA:138,0
DA:139,0
DA:140,0
DA:141,0
DA:145,0
DA:148,0
DA:150,0
DA:152,0
DA:155,0
DA:156,0
DA:157,0
DA:159,0
DA:160,0
DA:161,0
DA:164,0
DA:165,0
DA:166,0
DA:193,0
DA:205,0
DA:206,0
DA:207,0
DA:209,0
DA:216,0
DA:218,0
DA:243,0
DA:252,0
DA:254,0
DA:258,0
DA:261,0
DA:262,0
DA:263,0
DA:264,0
DA:266,0
DA:267,0
DA:269,0
DA:270,0
DA:271,0
DA:276,0
DA:277,0
DA:278,0
DA:280,0
DA:281,0
DA:283,0
DA:284,0
DA:285,0
DA:289,0
DA:290,0
DA:292,0
DA:294,0
DA:295,0
DA:296,0
DA:299,0
DA:300,0
DA:301,0
DA:309,0
DA:310,0
DA:311,0
DA:320,0
LF:116
LH:0
end_of_record
SF:lib\pageswithoutproducts\aboutus_page.dart
DA:6,2
DA:23,0
DA:25,0
DA:26,0
DA:27,0
DA:29,0
DA:30,0
DA:32,0
DA:33,0
DA:34,0
DA:40,0
DA:41,0
DA:50,0
LF:13
LH:1
end_of_record
SF:lib\pageswithoutproducts\signin.dart
DA:4,2
DA:6,0
DA:7,0
DA:11,0
DA:14,0
DA:15,0
DA:16,0
DA:22,0
DA:24,0
DA:25,0
DA:28,0
DA:29,0
DA:31,0
DA:32,0
DA:33,0
DA:36,0
DA:37,0
DA:41,0
DA:42,0
DA:43,0
DA:44,0
DA:46,0
DA:47,0
DA:52,0
DA:53,0
DA:59,0
LF:26
LH:1
end_of_record
